2026-01-16T12:26:40.427635684Z [inf]  
2026-01-16T12:26:41.004413002Z [inf]  [35m[Region: us-west1][0m
2026-01-16T12:26:41.011426967Z [inf]  
2026-01-16T12:26:41.011448905Z [inf]  [38;2;125;86;243m╭─────────────────╮[0m
2026-01-16T12:26:41.011453908Z [inf]  [38;2;125;86;243m│[0m Railpack 0.16.0 [38;2;125;86;243m│[0m
2026-01-16T12:26:41.011457283Z [inf]  [38;2;125;86;243m╰─────────────────╯[0m
2026-01-16T12:26:41.011461689Z [inf]  
2026-01-16T12:26:41.011464850Z [inf]  [33m⚠ Script start.sh not found[0m
2026-01-16T12:26:41.011467848Z [inf]  [1;31m✖ Railpack could not determine how to build the app.[0m
2026-01-16T12:26:41.011471171Z [inf]  
2026-01-16T12:26:41.011474116Z [inf]  The following languages are supported:
2026-01-16T12:26:41.011477735Z [inf]  Php
2026-01-16T12:26:41.011480958Z [inf]  Golang
2026-01-16T12:26:41.011483987Z [inf]  Java
2026-01-16T12:26:41.011486714Z [inf]  Rust
2026-01-16T12:26:41.011489664Z [inf]  Ruby
2026-01-16T12:26:41.011492307Z [inf]  Elixir
2026-01-16T12:26:41.011495227Z [inf]  Python
2026-01-16T12:26:41.011498105Z [inf]  Deno
2026-01-16T12:26:41.011501271Z [inf]  Dotnet
2026-01-16T12:26:41.011504264Z [inf]  Node
2026-01-16T12:26:41.011506831Z [inf]  Gleam
2026-01-16T12:26:41.011509424Z [inf]  Cpp
2026-01-16T12:26:41.011512024Z [inf]  Staticfile
2026-01-16T12:26:41.011514663Z [inf]  Shell
2026-01-16T12:26:41.011517497Z [inf]  
2026-01-16T12:26:41.011520163Z [inf]  The app contents that Railpack analyzed contains:
2026-01-16T12:26:41.011523006Z [inf]  
2026-01-16T12:26:41.011525847Z [inf]  ./
2026-01-16T12:26:41.011528473Z [inf]  └── README.md
2026-01-16T12:26:41.011531113Z [inf]  
2026-01-16T12:26:41.011533986Z [inf]  Check out the docs for more information: https://railpack.com
2026-01-16T12:26:41.011537497Z [inf]  
2026-01-16T12:26:41.011540593Z [inf]  
2026-01-16T12:26:41.011543870Z [inf]  